<?xml version="1.0" encoding="UTF-8"?>
<!-- Generated by org.testng.reporters.JUnitReportReporter -->
<testsuite hostname="DESKTOP-JQAVRRA" failures="0" tests="1" name="com.pages_test.DemoTest" time="0.030" errors="0" timestamp="2025-09-04T18:24:00 IST" skipped="0">
  <testcase classname="com.pages_test.DemoTest" name="sampleTest" time="0.030"/>
</testsuite> <!-- com.pages_test.DemoTest -->
